[2018-06-13 07:22:59,783] DEBUG [Controller 0]: Controller resigning, broker id 0 (kafka.controller.KafkaController)
[2018-06-13 07:22:59,784] DEBUG [Controller 0]: De-registering IsrChangeNotificationListener (kafka.controller.KafkaController)
[2018-06-13 07:22:59,786] INFO [Partition state machine on Controller 0]: Stopped partition state machine (kafka.controller.PartitionStateMachine)
[2018-06-13 07:22:59,786] INFO [Replica state machine on controller 0]: Stopped replica state machine (kafka.controller.ReplicaStateMachine)
[2018-06-13 07:22:59,786] INFO [Controller-0-to-broker-0-send-thread]: Shutting down (kafka.controller.RequestSendThread)
[2018-06-13 07:22:59,789] INFO [Controller-0-to-broker-0-send-thread]: Stopped (kafka.controller.RequestSendThread)
[2018-06-13 07:22:59,789] INFO [Controller-0-to-broker-0-send-thread]: Shutdown completed (kafka.controller.RequestSendThread)
[2018-06-13 07:22:59,798] INFO [Controller 0]: Broker 0 resigned as the controller (kafka.controller.KafkaController)
[2018-06-13 07:23:00,037] INFO [Controller 0]: 0 successfully elected as the controller (kafka.controller.KafkaController)
[2018-06-13 07:23:00,037] INFO [Controller 0]: Broker 0 starting become controller state transition (kafka.controller.KafkaController)
[2018-06-13 07:23:00,040] INFO [Controller 0]: Initialized controller epoch to 3 and zk version 2 (kafka.controller.KafkaController)
[2018-06-13 07:23:00,159] INFO [Controller 0]: Controller 0 incremented epoch to 4 (kafka.controller.KafkaController)
[2018-06-13 07:23:00,161] DEBUG [Controller 0]: Registering IsrChangeNotificationListener (kafka.controller.KafkaController)
[2018-06-13 07:23:00,206] DEBUG [Channel manager on controller 0]: Controller 0 trying to connect to broker 0 (kafka.controller.ControllerChannelManager)
[2018-06-13 07:23:00,214] INFO [Controller-0-to-broker-0-send-thread]: Starting (kafka.controller.RequestSendThread)
[2018-06-13 07:23:00,214] INFO [Controller 0]: Partitions being reassigned: Map() (kafka.controller.KafkaController)
[2018-06-13 07:23:00,214] INFO [Controller 0]: Partitions already reassigned: Set() (kafka.controller.KafkaController)
[2018-06-13 07:23:00,214] INFO [Controller 0]: Resuming reassignment of partitions: Map() (kafka.controller.KafkaController)
[2018-06-13 07:23:00,215] INFO [Controller 0]: Currently active brokers in the cluster: Set(0) (kafka.controller.KafkaController)
[2018-06-13 07:23:00,215] INFO [Controller 0]: Currently shutting brokers in the cluster: Set() (kafka.controller.KafkaController)
[2018-06-13 07:23:00,215] INFO [Controller 0]: Current list of topics in the cluster: Set() (kafka.controller.KafkaController)
[2018-06-13 07:23:00,218] INFO [Controller 0]: List of topics to be deleted:  (kafka.controller.KafkaController)
[2018-06-13 07:23:00,218] INFO [Controller 0]: List of topics ineligible for deletion:  (kafka.controller.KafkaController)
[2018-06-13 07:23:00,219] INFO [Replica state machine on controller 0]: Started replica state machine with initial state -> Map() (kafka.controller.ReplicaStateMachine)
[2018-06-13 07:23:00,219] INFO [Partition state machine on Controller 0]: Started partition state machine with initial state -> Map() (kafka.controller.PartitionStateMachine)
[2018-06-13 07:23:00,219] INFO [Controller 0]: Broker 0 is ready to serve as the new controller with epoch 4 (kafka.controller.KafkaController)
[2018-06-13 07:23:00,220] INFO [Controller 0]: Partitions undergoing preferred replica election:  (kafka.controller.KafkaController)
[2018-06-13 07:23:00,220] INFO [Controller 0]: Partitions that completed preferred replica election:  (kafka.controller.KafkaController)
[2018-06-13 07:23:00,220] INFO [Controller 0]: Skipping preferred replica election for partitions due to topic deletion:  (kafka.controller.KafkaController)
[2018-06-13 07:23:00,220] INFO [Controller 0]: Resuming preferred replica election for partitions:  (kafka.controller.KafkaController)
[2018-06-13 07:23:00,220] INFO [Controller 0]: Starting preferred replica leader election for partitions  (kafka.controller.KafkaController)
[2018-06-13 07:23:00,220] INFO [Partition state machine on Controller 0]: Invoking state change to OnlinePartition for partitions  (kafka.controller.PartitionStateMachine)
[2018-06-13 07:23:00,226] INFO [Controller-0-to-broker-0-send-thread]: Controller 0 connected to knoldus-Vostro-2520:9092 (id: 0 rack: null) for sending state change requests (kafka.controller.RequestSendThread)
[2018-06-13 07:23:00,541] INFO [Controller 0]: starting the controller scheduler (kafka.controller.KafkaController)
[2018-06-13 07:23:00,709] INFO [Controller 0]: Newly added brokers: , deleted brokers: , all live brokers: 0 (kafka.controller.KafkaController)
[2018-06-13 07:23:00,714] DEBUG [Controller 0]: Delete topics listener fired for topics  to be deleted (kafka.controller.KafkaController)
[2018-06-13 07:23:00,714] INFO [Controller 0]: New topics: [Set()], deleted topics: [Set()], new partition replica assignment [Map()] (kafka.controller.KafkaController)
[2018-06-13 07:23:05,690] TRACE [Controller 0]: Checking need to trigger auto leader balancing (kafka.controller.KafkaController)
[2018-06-13 07:23:05,690] DEBUG [Controller 0]: Preferred replicas by broker Map() (kafka.controller.KafkaController)
[2018-06-13 07:28:07,216] TRACE [Controller 0]: Checking need to trigger auto leader balancing (kafka.controller.KafkaController)
[2018-06-13 07:28:07,251] DEBUG [Controller 0]: Preferred replicas by broker Map() (kafka.controller.KafkaController)
