[2018-06-12 16:24:54,291] INFO Starting the log cleaner (kafka.log.LogCleaner)
[2018-06-12 16:24:54,306] INFO [kafka-log-cleaner-thread-0]: Starting (kafka.log.LogCleaner)
[2018-06-12 16:48:24,456] ERROR [kafka-log-cleaner-thread-0]: Error due to (kafka.log.LogCleaner)
java.io.FileNotFoundException: /home/knoldus/Downloads/lagom-java-maven/userapi/target/lagom-dynamic-projects/lagom-internal-meta-project-kafka/target/kafka_data/cleaner-offset-checkpoint (No such file or directory)
	at java.io.FileInputStream.open0(Native Method)
	at java.io.FileInputStream.open(FileInputStream.java:195)
	at java.io.FileInputStream.<init>(FileInputStream.java:138)
	at kafka.server.checkpoints.CheckpointFile.read(CheckpointFile.scala:79)
	at kafka.server.checkpoints.OffsetCheckpointFile.read(OffsetCheckpointFile.scala:60)
	at kafka.log.LogCleanerManager.$anonfun$allCleanerCheckpoints$1(LogCleanerManager.scala:81)
	at scala.collection.TraversableLike.$anonfun$flatMap$1(TraversableLike.scala:241)
	at scala.collection.Iterator.foreach(Iterator.scala:944)
	at scala.collection.Iterator.foreach$(Iterator.scala:944)
	at scala.collection.AbstractIterator.foreach(Iterator.scala:1432)
	at scala.collection.MapLike$DefaultValuesIterable.foreach(MapLike.scala:210)
	at scala.collection.TraversableLike.flatMap(TraversableLike.scala:241)
	at scala.collection.TraversableLike.flatMap$(TraversableLike.scala:238)
	at scala.collection.AbstractTraversable.flatMap(Traversable.scala:104)
	at kafka.log.LogCleanerManager.allCleanerCheckpoints(LogCleanerManager.scala:81)
	at kafka.log.LogCleanerManager.$anonfun$grabFilthiestCompactedLog$1(LogCleanerManager.scala:92)
	at kafka.utils.CoreUtils$.inLock(CoreUtils.scala:213)
	at kafka.log.LogCleanerManager.grabFilthiestCompactedLog(LogCleanerManager.scala:89)
	at kafka.log.LogCleaner$CleanerThread.cleanOrSleep(LogCleaner.scala:249)
	at kafka.log.LogCleaner$CleanerThread.doWork(LogCleaner.scala:236)
	at kafka.utils.ShutdownableThread.run(ShutdownableThread.scala:64)
[2018-06-12 16:48:24,476] INFO [kafka-log-cleaner-thread-0]: Stopped (kafka.log.LogCleaner)
